# JRE version: Java(TM) SE Runtime Environment (8.0_60-b27) (build 1.8.0_60-b27)
# Java VM: Java HotSpot(TM) 64-Bit Server VM (25.60-b23 mixed mode windows-amd64 compressed oops)
Heap:
 PSYoungGen      total 142336K, used 112345K [0x00000000d5f00000, 0x00000000e7600000, 0x0000000100000000)
  eden space 133120K, 84% used [0x00000000d5f00000,0x00000000dccb6778,0x00000000de100000)
  from space 9216K, 0% used [0x00000000de100000,0x00000000de100000,0x00000000dea00000)
  to   space 9728K, 0% used [0x00000000e6c80000,0x00000000e6c80000,0x00000000e7600000)
 ParOldGen       total 50688K, used 9672K [0x0000000081c00000, 0x0000000084d80000, 0x00000000d5f00000)
  object space 50688K, 19% used [0x0000000081c00000,0x0000000082572008,0x0000000084d80000)
 Metaspace       used 23296K, capacity 24432K, committed 24704K, reserved 1071104K
  class space    used 3118K, capacity 3362K, committed 3456K, reserved 1048576K
GC Heap History (10 events):
Event: 2.677 GC heap before
{Heap before GC invocations=4 (full 0):
 PSYoungGen      total 38400K, used 38330K [0x00000000d5f00000, 0x00000000daa00000, 0x0000000100000000)
  eden space 33280K, 99% used [0x00000000d5f00000,0x00000000d7f74190,0x00000000d7f80000)
  from space 5120K, 99% used [0x00000000d7f80000,0x00000000d847a8f8,0x00000000d8480000)
  to   space 5120K, 0% used [0x00000000da500000,0x00000000da500000,0x00000000daa00000)
 ParOldGen       total 87552K, used 5015K [0x0000000081c00000, 0x0000000087180000, 0x00000000d5f00000)
  object space 87552K, 5% used [0x0000000081c00000,0x00000000820e5eb0,0x0000000087180000)
 Metaspace       used 17378K, capacity 18316K, committed 18432K, reserved 1064960K
  class space    used 2591K, capacity 2810K, committed 2816K, reserved 1048576K
Event: 2.690 GC heap after
Heap after GC invocations=4 (full 0):
 PSYoungGen      total 71680K, used 5089K [0x00000000d5f00000, 0x00000000daa00000, 0x0000000100000000)
  eden space 66560K, 0% used [0x00000000d5f00000,0x00000000d5f00000,0x00000000da000000)
  from space 5120K, 99% used [0x00000000da500000,0x00000000da9f8418,0x00000000daa00000)
  to   space 5120K, 0% used [0x00000000da000000,0x00000000da000000,0x00000000da500000)
 ParOldGen       total 87552K, used 5047K [0x0000000081c00000, 0x0000000087180000, 0x00000000d5f00000)
  object space 87552K, 5% used [0x0000000081c00000,0x00000000820edeb0,0x0000000087180000)
 Metaspace       used 17378K, capacity 18316K, committed 18432K, reserved 1064960K
  class space    used 2591K, capacity 2810K, committed 2816K, reserved 1048576K
}
Event: 2.724 GC heap before
{Heap before GC invocations=5 (full 0):
 PSYoungGen      total 71680K, used 71560K [0x00000000d5f00000, 0x00000000daa00000, 0x0000000100000000)
  eden space 66560K, 99% used [0x00000000d5f00000,0x00000000d9fe9f98,0x00000000da000000)
  from space 5120K, 99% used [0x00000000da500000,0x00000000da9f8418,0x00000000daa00000)
  to   space 5120K, 0% used [0x00000000da000000,0x00000000da000000,0x00000000da500000)
 ParOldGen       total 87552K, used 5047K [0x0000000081c00000, 0x0000000087180000, 0x00000000d5f00000)
  object space 87552K, 5% used [0x0000000081c00000,0x00000000820edeb0,0x0000000087180000)
 Metaspace       used 17379K, capacity 18316K, committed 18432K, reserved 1064960K
  class space    used 2591K, capacity 2810K, committed 2816K, reserved 1048576K
Event: 2.733 GC heap after
Heap after GC invocations=5 (full 0):
 PSYoungGen      total 71680K, used 5108K [0x00000000d5f00000, 0x00000000df400000, 0x0000000100000000)
  eden space 66560K, 0% used [0x00000000d5f00000,0x00000000d5f00000,0x00000000da000000)
  from space 5120K, 99% used [0x00000000da000000,0x00000000da4fd210,0x00000000da500000)
  to   space 9728K, 0% used [0x00000000dea80000,0x00000000dea80000,0x00000000df400000)
 ParOldGen       total 87552K, used 5111K [0x0000000081c00000, 0x0000000087180000, 0x00000000d5f00000)
  object space 87552K, 5% used [0x0000000081c00000,0x00000000820fdeb0,0x0000000087180000)
 Metaspace       used 17379K, capacity 18316K, committed 18432K, reserved 1064960K
  class space    used 2591K, capacity 2810K, committed 2816K, reserved 1048576K
}
Event: 2.762 GC heap before
{Heap before GC invocations=6 (full 0):
 PSYoungGen      total 71680K, used 71573K [0x00000000d5f00000, 0x00000000df400000, 0x0000000100000000)
  eden space 66560K, 99% used [0x00000000d5f00000,0x00000000d9fe8500,0x00000000da000000)
  from space 5120K, 99% used [0x00000000da000000,0x00000000da4fd210,0x00000000da500000)
  to   space 9728K, 0% used [0x00000000dea80000,0x00000000dea80000,0x00000000df400000)
 ParOldGen       total 87552K, used 5111K [0x0000000081c00000, 0x0000000087180000, 0x00000000d5f00000)
  object space 87552K, 5% used [0x0000000081c00000,0x00000000820fdeb0,0x0000000087180000)
 Metaspace       used 17379K, capacity 18316K, committed 18432K, reserved 1064960K
  class space    used 2591K, capacity 2810K, committed 2816K, reserved 1048576K
Event: 2.769 GC heap after
Heap after GC invocations=6 (full 0):
 PSYoungGen      total 141824K, used 5171K [0x00000000d5f00000, 0x00000000df300000, 0x0000000100000000)
  eden space 133120K, 0% used [0x00000000d5f00000,0x00000000d5f00000,0x00000000de100000)
  from space 8704K, 59% used [0x00000000dea80000,0x00000000def8ced0,0x00000000df300000)
  to   space 9216K, 0% used [0x00000000de100000,0x00000000de100000,0x00000000dea00000)
 ParOldGen       total 87552K, used 5111K [0x0000000081c00000, 0x0000000087180000, 0x00000000d5f00000)
  object space 87552K, 5% used [0x0000000081c00000,0x00000000820fdeb0,0x0000000087180000)
 Metaspace       used 17379K, capacity 18316K, committed 18432K, reserved 1064960K
  class space    used 2591K, capacity 2810K, committed 2816K, reserved 1048576K
}
Event: 11.913 GC heap before
{Heap before GC invocations=7 (full 0):
 PSYoungGen      total 141824K, used 72221K [0x00000000d5f00000, 0x00000000df300000, 0x0000000100000000)
  eden space 133120K, 50% used [0x00000000d5f00000,0x00000000da07a7d0,0x00000000de100000)
  from space 8704K, 59% used [0x00000000dea80000,0x00000000def8ced0,0x00000000df300000)
  to   space 9216K, 0% used [0x00000000de100000,0x00000000de100000,0x00000000dea00000)
 ParOldGen       total 87552K, used 5111K [0x0000000081c00000, 0x0000000087180000, 0x00000000d5f00000)
  object space 87552K, 5% used [0x0000000081c00000,0x00000000820fdeb0,0x0000000087180000)
 Metaspace       used 20080K, capacity 21144K, committed 21296K, reserved 1067008K
  class space    used 2856K, capacity 3106K, committed 3200K, reserved 1048576K
Event: 11.926 GC heap after
Heap after GC invocations=7 (full 0):
 PSYoungGen      total 142336K, used 1995K [0x00000000d5f00000, 0x00000000e7600000, 0x0000000100000000)
  eden space 133120K, 0% used [0x00000000d5f00000,0x00000000d5f00000,0x00000000de100000)
  from space 9216K, 21% used [0x00000000de100000,0x00000000de2f2d48,0x00000000dea00000)
  to   space 9728K, 0% used [0x00000000e6c80000,0x00000000e6c80000,0x00000000e7600000)
 ParOldGen       total 87552K, used 9953K [0x0000000081c00000, 0x0000000087180000, 0x00000000d5f00000)
  object space 87552K, 11% used [0x0000000081c00000,0x00000000825b85f8,0x0000000087180000)
 Metaspace       used 20080K, capacity 21144K, committed 21296K, reserved 1067008K
  class space    used 2856K, capacity 3106K, committed 3200K, reserved 1048576K
}
Event: 11.926 GC heap before
{Heap before GC invocations=8 (full 1):
 PSYoungGen      total 142336K, used 1995K [0x00000000d5f00000, 0x00000000e7600000, 0x0000000100000000)
  eden space 133120K, 0% used [0x00000000d5f00000,0x00000000d5f00000,0x00000000de100000)
  from space 9216K, 21% used [0x00000000de100000,0x00000000de2f2d48,0x00000000dea00000)
  to   space 9728K, 0% used [0x00000000e6c80000,0x00000000e6c80000,0x00000000e7600000)
 ParOldGen       total 87552K, used 9953K [0x0000000081c00000, 0x0000000087180000, 0x00000000d5f00000)
  object space 87552K, 11% used [0x0000000081c00000,0x00000000825b85f8,0x0000000087180000)
 Metaspace       used 20080K, capacity 21144K, committed 21296K, reserved 1067008K
  class space    used 2856K, capacity 3106K, committed 3200K, reserved 1048576K
Event: 11.986 GC heap after
Heap after GC invocations=8 (full 1):
 PSYoungGen      total 142336K, used 0K [0x00000000d5f00000, 0x00000000e7600000, 0x0000000100000000)
  eden space 133120K, 0% used [0x00000000d5f00000,0x00000000d5f00000,0x00000000de100000)
  from space 9216K, 0% used [0x00000000de100000,0x00000000de100000,0x00000000dea00000)
  to   space 9728K, 0% used [0x00000000e6c80000,0x00000000e6c80000,0x00000000e7600000)
 ParOldGen       total 50688K, used 9672K [0x0000000081c00000, 0x0000000084d80000, 0x00000000d5f00000)
  object space 50688K, 19% used [0x0000000081c00000,0x0000000082572008,0x0000000084d80000)
 Metaspace       used 20080K, capacity 21144K, committed 21296K, reserved 1067008K
  class space    used 2856K, capacity 3106K, committed 3200K, reserved 1048576K
}

